C:\Users\D E L L\Desktop\react django projects\ecommerce\env\Lib\site-packages\razorpay\client.py:4: UserWarning: pkg_resources is deprecated as an API. See https://setuptools.pypa.io/en/latest/pkg_resources.html. The pkg_resources package is slated for removal as early as 2025-11-30. Refrain from using this package or pin to Setuptools<81.
  import pkg_resources
Traceback (most recent call last):
  File "C:\Users\D E L L\Desktop\react django projects\ecommerce\env\Lib\site-packages\django\db\models\query.py", line 946, in get_or_create
    return self.get(**kwargs), False
           ~~~~~~~~^^^^^^^^^^
  File "C:\Users\D E L L\Desktop\react django projects\ecommerce\env\Lib\site-packages\django\db\models\query.py", line 633, in get
    raise self.model.DoesNotExist(
        "%s matching query does not exist." % self.model._meta.object_name
    )
products.models.ProductVariant.DoesNotExist: ProductVariant matching query does not exist.

During handling of the above exception, another exception occurred:

Traceback (most recent call last):
  File "C:\Users\D E L L\Desktop\react django projects\ecommerce\backend\manage.py", line 22, in <module>
    main()
    ~~~~^^
  File "C:\Users\D E L L\Desktop\react django projects\ecommerce\backend\manage.py", line 18, in main
    execute_from_command_line(sys.argv)
    ~~~~~~~~~~~~~~~~~~~~~~~~~^^^^^^^^^^
  File "C:\Users\D E L L\Desktop\react django projects\ecommerce\env\Lib\site-packages\django\core\management\__init__.py", line 442, in execute_from_command_line
    utility.execute()
    ~~~~~~~~~~~~~~~^^
  File "C:\Users\D E L L\Desktop\react django projects\ecommerce\env\Lib\site-packages\django\core\management\__init__.py", line 436, in execute
    self.fetch_command(subcommand).run_from_argv(self.argv)
    ~~~~~~~~~~~~~~~~~~~~~~~~~~~~~~~~~~~~~~~~~~~~^^^^^^^^^^^
  File "C:\Users\D E L L\Desktop\react django projects\ecommerce\env\Lib\site-packages\django\core\management\base.py", line 416, in run_from_argv
    self.execute(*args, **cmd_options)
    ~~~~~~~~~~~~^^^^^^^^^^^^^^^^^^^^^^
  File "C:\Users\D E L L\Desktop\react django projects\ecommerce\env\Lib\site-packages\django\core\management\base.py", line 460, in execute
    output = self.handle(*args, **options)
  File "C:\Users\D E L L\Desktop\react django projects\ecommerce\env\Lib\site-packages\django\core\management\commands\shell.py", line 247, in handle
    exec(options["command"], {**globals(), **self.get_namespace(**options)})
    ~~~~^^^^^^^^^^^^^^^^^^^^^^^^^^^^^^^^^^^^^^^^^^^^^^^^^^^^^^^^^^^^^^^^^^^^
  File "<string>", line 1, in <module>
  File "<string>", line 33, in <module>
  File "C:\Users\D E L L\Desktop\react django projects\ecommerce\env\Lib\site-packages\django\db\models\manager.py", line 87, in manager_method
    return getattr(self.get_queryset(), name)(*args, **kwargs)
           ~~~~~~~~~~~~~~~~~~~~~~~~~~~~~~~~~~^^^^^^^^^^^^^^^^^
  File "C:\Users\D E L L\Desktop\react django projects\ecommerce\env\Lib\site-packages\django\db\models\query.py", line 948, in get_or_create
    params = self._extract_model_params(defaults, **kwargs)
  File "C:\Users\D E L L\Desktop\react django projects\ecommerce\env\Lib\site-packages\django\db\models\query.py", line 1046, in _extract_model_params
    raise exceptions.FieldError(
    ...<5 lines>...
    )
django.core.exceptions.FieldError: Invalid field name(s) for model ProductVariant: 'price'.
